[INFO] Scanning for projects...
[INFO] 
[INFO] -----------< com.sarinkejohn:Digital-Wallet-Backend-Service >-----------
[INFO] Building Digital-Wallet-Backend-Service 0.0.1-SNAPSHOT
[INFO]   from pom.xml
[INFO] --------------------------------[ jar ]---------------------------------
[INFO] 
[INFO] >>> spring-boot:4.0.5:run (default-cli) > test-compile @ Digital-Wallet-Backend-Service >>>
[INFO] 
[INFO] --- resources:3.3.1:resources (default-resources) @ Digital-Wallet-Backend-Service ---
[INFO] Copying 4 resources from src/main/resources to target/classes
[INFO] Copying 0 resource from src/main/resources to target/classes
[INFO] 
[INFO] --- compiler:3.14.1:compile (default-compile) @ Digital-Wallet-Backend-Service ---
[INFO] Nothing to compile - all classes are up to date.
[INFO] 
[INFO] --- resources:3.3.1:testResources (default-testResources) @ Digital-Wallet-Backend-Service ---
[INFO] skip non existing resourceDirectory /home/sarinke/API-SEC/BankingApp/dev/Digital-Wallet-Backend-Service/src/test/resources
[INFO] 
[INFO] --- compiler:3.14.1:testCompile (default-testCompile) @ Digital-Wallet-Backend-Service ---
[INFO] Nothing to compile - all classes are up to date.
[INFO] 
[INFO] <<< spring-boot:4.0.5:run (default-cli) < test-compile @ Digital-Wallet-Backend-Service <<<
[INFO] 
[INFO] 
[INFO] --- spring-boot:4.0.5:run (default-cli) @ Digital-Wallet-Backend-Service ---
[INFO] Attaching agents: []

  .   ____          _            __ _ _
 /\\ / ___'_ __ _ _(_)_ __  __ _ \ \ \ \
( ( )\___ | '_ | '_| | '_ \/ _` | \ \ \ \
 \\/  ___)| |_)| | | | | || (_| |  ) ) ) )
  '  |____| .__|_| |_|_| |_\__, | / / / /
 =========|_|==============|___/=/_/_/_/

 :: Spring Boot ::                (v4.0.5)

2026-04-21T11:20:58.858+03:00  INFO 622741 --- [Digital-Wallet-Backend-Service] [           main] d.DigitalWalletBackendServiceApplication : Starting DigitalWalletBackendServiceApplication using Java 25.0.2 with PID 622741 (/home/sarinke/API-SEC/BankingApp/dev/Digital-Wallet-Backend-Service/target/classes started by sarinke in /home/sarinke/API-SEC/BankingApp/dev/Digital-Wallet-Backend-Service)
2026-04-21T11:20:58.865+03:00  INFO 622741 --- [Digital-Wallet-Backend-Service] [           main] d.DigitalWalletBackendServiceApplication : The following 1 profile is active: "dev"
2026-04-21T11:21:00.619+03:00  INFO 622741 --- [Digital-Wallet-Backend-Service] [           main] .s.d.r.c.RepositoryConfigurationDelegate : Bootstrapping Spring Data JPA repositories in DEFAULT mode.
2026-04-21T11:21:00.804+03:00  INFO 622741 --- [Digital-Wallet-Backend-Service] [           main] .s.d.r.c.RepositoryConfigurationDelegate : Finished Spring Data repository scanning in 163 ms. Found 4 JPA repository interfaces.
2026-04-21T11:21:02.023+03:00  INFO 622741 --- [Digital-Wallet-Backend-Service] [           main] o.s.boot.tomcat.TomcatWebServer          : Tomcat initialized with port 8080 (http)
2026-04-21T11:21:02.048+03:00  INFO 622741 --- [Digital-Wallet-Backend-Service] [           main] o.apache.catalina.core.StandardService   : Starting service [Tomcat]
2026-04-21T11:21:02.049+03:00  INFO 622741 --- [Digital-Wallet-Backend-Service] [           main] o.apache.catalina.core.StandardEngine    : Starting Servlet engine: [Apache Tomcat/11.0.20]
2026-04-21T11:21:02.137+03:00  INFO 622741 --- [Digital-Wallet-Backend-Service] [           main] b.w.c.s.WebApplicationContextInitializer : Root WebApplicationContext: initialization completed in 3150 ms
2026-04-21T11:21:02.533+03:00  INFO 622741 --- [Digital-Wallet-Backend-Service] [           main] org.hibernate.orm.jpa                    : HHH008540: Processing PersistenceUnitInfo [name: default]
2026-04-21T11:21:02.622+03:00  INFO 622741 --- [Digital-Wallet-Backend-Service] [           main] org.hibernate.orm.core                   : HHH000001: Hibernate ORM core version 7.2.7.Final
2026-04-21T11:21:03.337+03:00  INFO 622741 --- [Digital-Wallet-Backend-Service] [           main] o.s.o.j.p.SpringPersistenceUnitInfo      : No LoadTimeWeaver setup: ignoring JPA class transformer
2026-04-21T11:21:03.413+03:00  INFO 622741 --- [Digital-Wallet-Backend-Service] [           main] com.zaxxer.hikari.HikariDataSource       : HikariPool-1 - Starting...
2026-04-21T11:21:03.721+03:00  INFO 622741 --- [Digital-Wallet-Backend-Service] [           main] com.zaxxer.hikari.pool.HikariPool        : HikariPool-1 - Added connection org.postgresql.jdbc.PgConnection@5fa9247b
2026-04-21T11:21:03.723+03:00  INFO 622741 --- [Digital-Wallet-Backend-Service] [           main] com.zaxxer.hikari.HikariDataSource       : HikariPool-1 - Start completed.
2026-04-21T11:21:03.797+03:00  WARN 622741 --- [Digital-Wallet-Backend-Service] [           main] org.hibernate.orm.deprecation            : HHH90000025: PostgreSQLDialect does not need to be specified explicitly using 'hibernate.dialect' (remove the property setting and it will be selected by default)
2026-04-21T11:21:03.856+03:00  INFO 622741 --- [Digital-Wallet-Backend-Service] [           main] org.hibernate.orm.connections.pooling    : HHH10001005: Database info:
	Database JDBC URL [jdbc:postgresql://localhost:5438/digital_wallet_db]
	Database driver: PostgreSQL JDBC Driver
	Database dialect: PostgreSQLDialect
	Database version: 16.13
	Default catalog/schema: digital_wallet_db/public
	Autocommit mode: undefined/unknown
	Isolation level: READ_COMMITTED [default READ_COMMITTED]
	JDBC fetch size: none
	Pool: DataSourceConnectionProvider
	Minimum pool size: undefined/unknown
	Maximum pool size: undefined/unknown
2026-04-21T11:21:05.539+03:00  INFO 622741 --- [Digital-Wallet-Backend-Service] [           main] org.hibernate.orm.core                   : HHH000489: No JTA platform available (set 'hibernate.transaction.jta.platform' to enable JTA platform integration)
2026-04-21T11:21:05.782+03:00  INFO 622741 --- [Digital-Wallet-Backend-Service] [           main] j.LocalContainerEntityManagerFactoryBean : Initialized JPA EntityManagerFactory for persistence unit 'default'
2026-04-21T11:21:06.013+03:00  INFO 622741 --- [Digital-Wallet-Backend-Service] [           main] o.s.d.j.r.query.QueryEnhancerFactories   : Hibernate is in classpath; If applicable, HQL parser will be used.
2026-04-21T11:21:06.794+03:00  WARN 622741 --- [Digital-Wallet-Backend-Service] [           main] JpaBaseConfiguration$JpaWebConfiguration : spring.jpa.open-in-view is enabled by default. Therefore, database queries may be performed during view rendering. Explicitly configure spring.jpa.open-in-view to disable this warning
2026-04-21T11:21:07.101+03:00  WARN 622741 --- [Digital-Wallet-Backend-Service] [           main] .s.a.UserDetailsServiceAutoConfiguration : 

Using generated security password: 539b01ba-b757-4376-a4b2-939fc478da2e

This generated password is for development use only. Your security configuration must be updated before running your application in production.

2026-04-21T11:21:07.122+03:00  INFO 622741 --- [Digital-Wallet-Backend-Service] [           main] r$InitializeUserDetailsManagerConfigurer : Global AuthenticationManager configured with UserDetailsService bean with name inMemoryUserDetailsManager
2026-04-21T11:21:08.633+03:00  INFO 622741 --- [Digital-Wallet-Backend-Service] [           main] o.s.boot.tomcat.TomcatWebServer          : Tomcat started on port 8080 (http) with context path '/'
2026-04-21T11:21:08.650+03:00  INFO 622741 --- [Digital-Wallet-Backend-Service] [           main] d.DigitalWalletBackendServiceApplication : Started DigitalWalletBackendServiceApplication in 10.527 seconds (process running for 11.142)
2026-04-21T11:21:08.658+03:00  WARN 622741 --- [Digital-Wallet-Backend-Service] [           main] o.s.core.events.SpringDocAppInitializer  : SpringDoc /api-docs endpoint is enabled by default. To disable it in production, set the property 'springdoc.api-docs.enabled=false'
2026-04-21T11:21:08.659+03:00  WARN 622741 --- [Digital-Wallet-Backend-Service] [           main] o.s.core.events.SpringDocAppInitializer  : SpringDoc /swagger-ui.html endpoint is enabled by default. To disable it in production, set the property 'springdoc.swagger-ui.enabled=false'
2026-04-21T11:21:09.506+03:00  INFO 622741 --- [Digital-Wallet-Backend-Service] [nio-8080-exec-1] o.apache.tomcat.util.http.parser.Cookie  : A cookie header was received [ecom_cookie={"level":["necessary"],"revision":0,"data":null,"rfc_cookie":false};] that contained an invalid cookie. That cookie will be ignored.
 Note: further occurrences of this error will be logged at DEBUG level.
2026-04-21T11:21:09.522+03:00  INFO 622741 --- [Digital-Wallet-Backend-Service] [nio-8080-exec-1] o.a.c.c.C.[Tomcat].[localhost].[/]       : Initializing Spring DispatcherServlet 'dispatcherServlet'
2026-04-21T11:21:09.523+03:00  INFO 622741 --- [Digital-Wallet-Backend-Service] [nio-8080-exec-1] o.s.web.servlet.DispatcherServlet        : Initializing Servlet 'dispatcherServlet'
2026-04-21T11:21:09.529+03:00  INFO 622741 --- [Digital-Wallet-Backend-Service] [nio-8080-exec-1] o.s.web.servlet.DispatcherServlet        : Completed initialization in 5 ms
2026-04-21T11:21:11.157+03:00  INFO 622741 --- [Digital-Wallet-Backend-Service] [nio-8080-exec-9] o.springdoc.api.AbstractOpenApiResource  : Init duration for springdoc-openapi is: 804 ms
